<?xml version="1.0" encoding="UTF-8"?>
<!-- Generated by org.testng.reporters.JUnitXMLReporter -->
<testsuite ignored="0" hostname="DESKTOP-VPCNUH6" failures="0" tests="3" name="Test" time="12.546" errors="0" timestamp="2022-11-12T10:04:43 EST">
  <testcase classname="com.TestRuner.LoginTestMethod" name="titelTest" time="0.016"/>
  <testcase classname="com.TestRuner.LoginTestMethod" name="Titeltest" time="0.012"/>
  <testcase classname="com.TestRuner.LoginTestMethod" name="Test" time="0.369"/>
</testsuite> <!-- Test -->
