<?xml version="1.0" encoding="UTF-8"?>
<!-- Generated by org.testng.reporters.JUnitXMLReporter -->
<testsuite ignored="0" hostname="DESKTOP-VPCNUH6" failures="0" tests="3" name="Test" time="38.159" errors="0" timestamp="2022-11-13T11:05:20 EST">
  <testcase classname="com.TestRuner.LoginTestMethod" name="titelTest" time="0.298"/>
  <testcase classname="com.TestRuner.LoginTestMethod" name="Titeltest" time="0.014"/>
  <testcase classname="com.TestRuner.LoginTestMethod" name="Test" time="0.569"/>
</testsuite> <!-- Test -->
