<?xml version="1.0" encoding="UTF-8"?>
<testng-results ignored="0" total="3" passed="3" failed="0" skipped="0">
  <reporter-output>
  </reporter-output>
  <suite started-at="2022-11-13T11:04:42 EST" name="Suite" finished-at="2022-11-13T11:05:20 EST" duration-ms="38159">
    <groups>
    </groups>
    <test started-at="2022-11-13T11:04:42 EST" name="Test" finished-at="2022-11-13T11:05:20 EST" duration-ms="38159">
      <class name="com.TestRuner.LoginTestMethod">
        <test-method is-config="true" signature="Initialised()[pri:0, instance:com.TestRuner.LoginTestMethod@73700b80]" started-at="2022-11-13T11:04:42 EST" name="Initialised" finished-at="2022-11-13T11:04:49 EST" duration-ms="6784" status="PASS">
          <reporter-output>
          </reporter-output>
        </test-method> <!-- Initialised -->
        <test-method signature="titelTest()[pri:0, instance:com.TestRuner.LoginTestMethod@73700b80]" started-at="2022-11-13T11:04:49 EST" name="titelTest" finished-at="2022-11-13T11:04:49 EST" duration-ms="298" status="PASS">
          <reporter-output>
          </reporter-output>
        </test-method> <!-- titelTest -->
        <test-method is-config="true" signature="driverClose()[pri:0, instance:com.TestRuner.LoginTestMethod@73700b80]" started-at="2022-11-13T11:04:49 EST" name="driverClose" finished-at="2022-11-13T11:04:56 EST" duration-ms="7278" status="PASS">
          <reporter-output>
          </reporter-output>
        </test-method> <!-- driverClose -->
        <test-method is-config="true" signature="Initialised()[pri:0, instance:com.TestRuner.LoginTestMethod@73700b80]" started-at="2022-11-13T11:04:56 EST" name="Initialised" finished-at="2022-11-13T11:05:00 EST" duration-ms="3971" status="PASS">
          <reporter-output>
          </reporter-output>
        </test-method> <!-- Initialised -->
        <test-method signature="Titeltest()[pri:1, instance:com.TestRuner.LoginTestMethod@73700b80]" started-at="2022-11-13T11:05:00 EST" name="Titeltest" finished-at="2022-11-13T11:05:00 EST" duration-ms="14" status="PASS">
          <reporter-output>
          </reporter-output>
        </test-method> <!-- Titeltest -->
        <test-method is-config="true" signature="driverClose()[pri:0, instance:com.TestRuner.LoginTestMethod@73700b80]" started-at="2022-11-13T11:05:00 EST" name="driverClose" finished-at="2022-11-13T11:05:07 EST" duration-ms="7280" status="PASS">
          <reporter-output>
          </reporter-output>
        </test-method> <!-- driverClose -->
        <test-method is-config="true" signature="Initialised()[pri:0, instance:com.TestRuner.LoginTestMethod@73700b80]" started-at="2022-11-13T11:05:07 EST" name="Initialised" finished-at="2022-11-13T11:05:12 EST" duration-ms="4508" status="PASS">
          <reporter-output>
          </reporter-output>
        </test-method> <!-- Initialised -->
        <test-method signature="Test()[pri:2, instance:com.TestRuner.LoginTestMethod@73700b80]" started-at="2022-11-13T11:05:12 EST" name="Test" finished-at="2022-11-13T11:05:12 EST" duration-ms="569" status="PASS">
          <reporter-output>
          </reporter-output>
        </test-method> <!-- Test -->
        <test-method is-config="true" signature="driverClose()[pri:0, instance:com.TestRuner.LoginTestMethod@73700b80]" started-at="2022-11-13T11:05:12 EST" name="driverClose" finished-at="2022-11-13T11:05:20 EST" duration-ms="7328" status="PASS">
          <reporter-output>
          </reporter-output>
        </test-method> <!-- driverClose -->
      </class> <!-- com.TestRuner.LoginTestMethod -->
    </test> <!-- Test -->
  </suite> <!-- Suite -->
</testng-results>
