<?xml version="1.0" encoding="UTF-8"?>
<testng-results ignored="0" total="4" passed="3" failed="1" skipped="0">
  <reporter-output>
  </reporter-output>
  <suite started-at="2022-11-16T17:16:33 EST" name="Default suite" finished-at="2022-11-16T17:16:52 EST" duration-ms="19129">
    <groups>
    </groups>
    <test started-at="2022-11-16T17:16:33 EST" name="Default test" finished-at="2022-11-16T17:16:52 EST" duration-ms="19129">
      <class name="com.TestRuner.LoginTestMethod">
        <test-method is-config="true" signature="Initialised()[pri:0, instance:com.TestRuner.LoginTestMethod@593aaf41]" started-at="2022-11-16T17:16:33 EST" name="Initialised" finished-at="2022-11-16T17:16:43 EST" duration-ms="10385" status="PASS">
          <reporter-output>
          </reporter-output>
        </test-method> <!-- Initialised -->
        <test-method signature="Bacpictest()[pri:0, instance:com.TestRuner.LoginTestMethod@593aaf41]" started-at="2022-11-16T17:16:43 EST" name="Bacpictest" finished-at="2022-11-16T17:16:43 EST" duration-ms="16" status="FAIL">
          <exception class="java.lang.NullPointerException">
            <full-stacktrace>
              <![CDATA[java.lang.NullPointerException
at com.TestRuner.LoginTestMethod.Bacpictest(LoginTestMethod.java:61)
at java.base/jdk.internal.reflect.NativeMethodAccessorImpl.invoke0(Native Method)
at java.base/jdk.internal.reflect.NativeMethodAccessorImpl.invoke(NativeMethodAccessorImpl.java:62)
at java.base/jdk.internal.reflect.DelegatingMethodAccessorImpl.invoke(DelegatingMethodAccessorImpl.java:43)
at java.base/java.lang.reflect.Method.invoke(Method.java:566)
at org.testng.internal.MethodInvocationHelper.invokeMethod(MethodInvocationHelper.java:133)
at org.testng.internal.TestInvoker.invokeMethod(TestInvoker.java:598)
at org.testng.internal.TestInvoker.invokeTestMethod(TestInvoker.java:173)
at org.testng.internal.MethodRunner.runInSequence(MethodRunner.java:46)
at org.testng.internal.TestInvoker$MethodInvocationAgent.invoke(TestInvoker.java:824)
at org.testng.internal.TestInvoker.invokeTestMethods(TestInvoker.java:146)
at org.testng.internal.TestMethodWorker.invokeTestMethods(TestMethodWorker.java:146)
at org.testng.internal.TestMethodWorker.run(TestMethodWorker.java:128)
at java.base/java.util.ArrayList.forEach(ArrayList.java:1541)
at org.testng.TestRunner.privateRun(TestRunner.java:794)
at org.testng.TestRunner.run(TestRunner.java:596)
at org.testng.SuiteRunner.runTest(SuiteRunner.java:377)
at org.testng.SuiteRunner.runSequentially(SuiteRunner.java:371)
at org.testng.SuiteRunner.privateRun(SuiteRunner.java:332)
at org.testng.SuiteRunner.run(SuiteRunner.java:276)
at org.testng.SuiteRunnerWorker.runSuite(SuiteRunnerWorker.java:53)
at org.testng.SuiteRunnerWorker.run(SuiteRunnerWorker.java:96)
at org.testng.TestNG.runSuitesSequentially(TestNG.java:1212)
at org.testng.TestNG.runSuitesLocally(TestNG.java:1134)
at org.testng.TestNG.runSuites(TestNG.java:1063)
at org.testng.TestNG.run(TestNG.java:1031)
at org.testng.remote.AbstractRemoteTestNG.run(AbstractRemoteTestNG.java:115)
at org.testng.remote.RemoteTestNG.initAndRun(RemoteTestNG.java:251)
at org.testng.remote.RemoteTestNG.main(RemoteTestNG.java:77)
]]>
            </full-stacktrace>
          </exception> <!-- java.lang.NullPointerException -->
          <reporter-output>
          </reporter-output>
        </test-method> <!-- Bacpictest -->
        <test-method signature="titelTest()[pri:0, instance:com.TestRuner.LoginTestMethod@593aaf41]" started-at="2022-11-16T17:16:43 EST" name="titelTest" finished-at="2022-11-16T17:16:44 EST" duration-ms="566" status="PASS">
          <reporter-output>
          </reporter-output>
        </test-method> <!-- titelTest -->
        <test-method signature="Titeltest()[pri:1, instance:com.TestRuner.LoginTestMethod@593aaf41]" started-at="2022-11-16T17:16:44 EST" name="Titeltest" finished-at="2022-11-16T17:16:44 EST" duration-ms="26" status="PASS">
          <reporter-output>
          </reporter-output>
        </test-method> <!-- Titeltest -->
        <test-method signature="Test()[pri:2, instance:com.TestRuner.LoginTestMethod@593aaf41]" started-at="2022-11-16T17:16:44 EST" name="Test" finished-at="2022-11-16T17:16:45 EST" duration-ms="793" status="PASS">
          <reporter-output>
          </reporter-output>
        </test-method> <!-- Test -->
        <test-method is-config="true" signature="driverClose()[pri:0, instance:com.TestRuner.LoginTestMethod@593aaf41]" started-at="2022-11-16T17:16:45 EST" name="driverClose" finished-at="2022-11-16T17:16:52 EST" duration-ms="7261" status="PASS">
          <reporter-output>
          </reporter-output>
        </test-method> <!-- driverClose -->
      </class> <!-- com.TestRuner.LoginTestMethod -->
    </test> <!-- Default test -->
  </suite> <!-- Default suite -->
</testng-results>
